# JRE version: OpenJDK Runtime Environment (17.0.6) (build 17.0.6+0-b2043.56-10027231)
# Java VM: OpenJDK 64-Bit Server VM (17.0.6+0-b2043.56-10027231, mixed mode, tiered, compressed oops, compressed class ptrs, g1 gc, windows-amd64)
GC Precious Log:
 CPUs: 16 total, 16 available
 Memory: 16010M
 Large Page Support: Disabled
 NUMA Support: Disabled
 Compressed Oops: Enabled (32-bit)
 Heap Region Size: 1M
 Heap Min Capacity: 8M
 Heap Initial Capacity: 252M
 Heap Max Capacity: 2G
 Pre-touch: Disabled
 Parallel Workers: 13
 Concurrent Workers: 3
 Concurrent Refinement Workers: 13
 Periodic GC: Disabled
Heap:
 garbage-first heap   total 181248K, used 103142K [0x0000000080000000, 0x0000000100000000)
  region size 1024K, 21 young (21504K), 9 survivors (9216K)
 Metaspace       used 99904K, committed 100544K, reserved 1138688K
  class space    used 13545K, committed 13888K, reserved 1048576K
GC Heap History (20 events):
Event: 11.970 GC heap before
{Heap before GC invocations=28 (full 0):
 garbage-first heap   total 103424K, used 77928K [0x0000000080000000, 0x0000000100000000)
  region size 1024K, 20 young (20480K), 1 survivors (1024K)
 Metaspace       used 68981K, committed 69632K, reserved 1114112K
  class space    used 9094K, committed 9408K, reserved 1048576K
}
Event: 11.973 GC heap after
{Heap after GC invocations=29 (full 0):
 garbage-first heap   total 103424K, used 59473K [0x0000000080000000, 0x0000000100000000)
  region size 1024K, 2 young (2048K), 2 survivors (2048K)
 Metaspace       used 68981K, committed 69632K, reserved 1114112K
  class space    used 9094K, committed 9408K, reserved 1048576K
}
Event: 12.214 GC heap before
{Heap before GC invocations=30 (full 0):
 garbage-first heap   total 103424K, used 83025K [0x0000000080000000, 0x0000000100000000)
  region size 1024K, 21 young (21504K), 2 survivors (2048K)
 Metaspace       used 70070K, committed 70656K, reserved 1114112K
  class space    used 9256K, committed 9536K, reserved 1048576K
}
Event: 12.220 GC heap after
{Heap after GC invocations=31 (full 0):
 garbage-first heap   total 103424K, used 67715K [0x0000000080000000, 0x0000000100000000)
  region size 1024K, 3 young (3072K), 3 survivors (3072K)
 Metaspace       used 70070K, committed 70656K, reserved 1114112K
  class space    used 9256K, committed 9536K, reserved 1048576K
}
Event: 12.232 GC heap before
{Heap before GC invocations=31 (full 0):
 garbage-first heap   total 103424K, used 71811K [0x0000000080000000, 0x0000000100000000)
  region size 1024K, 5 young (5120K), 3 survivors (3072K)
 Metaspace       used 70074K, committed 70656K, reserved 1114112K
  class space    used 9257K, committed 9536K, reserved 1048576K
}
Event: 12.235 GC heap after
{Heap after GC invocations=32 (full 0):
 garbage-first heap   total 103424K, used 69406K [0x0000000080000000, 0x0000000100000000)
  region size 1024K, 1 young (1024K), 1 survivors (1024K)
 Metaspace       used 70074K, committed 70656K, reserved 1114112K
  class space    used 9257K, committed 9536K, reserved 1048576K
}
Event: 12.468 GC heap before
{Heap before GC invocations=32 (full 0):
 garbage-first heap   total 103424K, used 81694K [0x0000000080000000, 0x0000000100000000)
  region size 1024K, 13 young (13312K), 1 survivors (1024K)
 Metaspace       used 71382K, committed 72000K, reserved 1114112K
  class space    used 9427K, committed 9728K, reserved 1048576K
}
Event: 12.472 GC heap after
{Heap after GC invocations=33 (full 0):
 garbage-first heap   total 181248K, used 69670K [0x0000000080000000, 0x0000000100000000)
  region size 1024K, 2 young (2048K), 2 survivors (2048K)
 Metaspace       used 71382K, committed 72000K, reserved 1114112K
  class space    used 9427K, committed 9728K, reserved 1048576K
}
Event: 13.758 GC heap before
{Heap before GC invocations=34 (full 0):
 garbage-first heap   total 181248K, used 128038K [0x0000000080000000, 0x0000000100000000)
  region size 1024K, 63 young (64512K), 2 survivors (2048K)
 Metaspace       used 78230K, committed 78784K, reserved 1122304K
  class space    used 10343K, committed 10560K, reserved 1048576K
}
Event: 13.764 GC heap after
{Heap after GC invocations=35 (full 0):
 garbage-first heap   total 181248K, used 68912K [0x0000000080000000, 0x0000000100000000)
  region size 1024K, 6 young (6144K), 6 survivors (6144K)
 Metaspace       used 78230K, committed 78784K, reserved 1122304K
  class space    used 10343K, committed 10560K, reserved 1048576K
}
Event: 13.799 GC heap before
{Heap before GC invocations=35 (full 0):
 garbage-first heap   total 181248K, used 69936K [0x0000000080000000, 0x0000000100000000)
  region size 1024K, 8 young (8192K), 6 survivors (6144K)
 Metaspace       used 78513K, committed 79104K, reserved 1122304K
  class space    used 10378K, committed 10624K, reserved 1048576K
}
Event: 13.803 GC heap after
{Heap after GC invocations=36 (full 0):
 garbage-first heap   total 181248K, used 68988K [0x0000000080000000, 0x0000000100000000)
  region size 1024K, 1 young (1024K), 1 survivors (1024K)
 Metaspace       used 78513K, committed 79104K, reserved 1122304K
  class space    used 10378K, committed 10624K, reserved 1048576K
}
Event: 15.009 GC heap before
{Heap before GC invocations=36 (full 0):
 garbage-first heap   total 181248K, used 135548K [0x0000000080000000, 0x0000000100000000)
  region size 1024K, 67 young (68608K), 1 survivors (1024K)
 Metaspace       used 83539K, committed 84096K, reserved 1122304K
  class space    used 11079K, committed 11328K, reserved 1048576K
}
Event: 15.016 GC heap after
{Heap after GC invocations=37 (full 0):
 garbage-first heap   total 181248K, used 74928K [0x0000000080000000, 0x0000000100000000)
  region size 1024K, 7 young (7168K), 7 survivors (7168K)
 Metaspace       used 83539K, committed 84096K, reserved 1122304K
  class space    used 11079K, committed 11328K, reserved 1048576K
}
Event: 16.462 GC heap before
{Heap before GC invocations=37 (full 0):
 garbage-first heap   total 181248K, used 138416K [0x0000000080000000, 0x0000000100000000)
  region size 1024K, 69 young (70656K), 7 survivors (7168K)
 Metaspace       used 90360K, committed 90944K, reserved 1130496K
  class space    used 12231K, committed 12480K, reserved 1048576K
}
Event: 16.469 GC heap after
{Heap after GC invocations=38 (full 0):
 garbage-first heap   total 181248K, used 79240K [0x0000000080000000, 0x0000000100000000)
  region size 1024K, 5 young (5120K), 5 survivors (5120K)
 Metaspace       used 90360K, committed 90944K, reserved 1130496K
  class space    used 12231K, committed 12480K, reserved 1048576K
}
Event: 17.993 GC heap before
{Heap before GC invocations=38 (full 0):
 garbage-first heap   total 181248K, used 141704K [0x0000000080000000, 0x0000000100000000)
  region size 1024K, 66 young (67584K), 5 survivors (5120K)
 Metaspace       used 98069K, committed 98752K, reserved 1138688K
  class space    used 13303K, committed 13632K, reserved 1048576K
}
Event: 18.000 GC heap after
{Heap after GC invocations=39 (full 0):
 garbage-first heap   total 181248K, used 83862K [0x0000000080000000, 0x0000000100000000)
  region size 1024K, 9 young (9216K), 9 survivors (9216K)
 Metaspace       used 98069K, committed 98752K, reserved 1138688K
  class space    used 13303K, committed 13632K, reserved 1048576K
}
Event: 18.982 GC heap before
{Heap before GC invocations=39 (full 0):
 garbage-first heap   total 181248K, used 144278K [0x0000000080000000, 0x0000000100000000)
  region size 1024K, 68 young (69632K), 9 survivors (9216K)
 Metaspace       used 99855K, committed 100544K, reserved 1138688K
  class space    used 13541K, committed 13888K, reserved 1048576K
}
Event: 18.995 GC heap after
{Heap after GC invocations=40 (full 0):
 garbage-first heap   total 181248K, used 91878K [0x0000000080000000, 0x0000000100000000)
  region size 1024K, 9 young (9216K), 9 survivors (9216K)
 Metaspace       used 99855K, committed 100544K, reserved 1138688K
  class space    used 13541K, committed 13888K, reserved 1048576K
}

