# JRE version: OpenJDK Runtime Environment (17.0.6) (build 17.0.6+0-b2043.56-10027231)
# Java VM: OpenJDK 64-Bit Server VM (17.0.6+0-b2043.56-10027231, mixed mode, tiered, compressed oops, compressed class ptrs, g1 gc, windows-amd64)
GC Precious Log:
 CPUs: 16 total, 16 available
 Memory: 16010M
 Large Page Support: Disabled
 NUMA Support: Disabled
 Compressed Oops: Enabled (32-bit)
 Heap Region Size: 1M
 Heap Min Capacity: 8M
 Heap Initial Capacity: 252M
 Heap Max Capacity: 2G
 Pre-touch: Disabled
 Parallel Workers: 13
 Concurrent Workers: 3
 Concurrent Refinement Workers: 13
 Periodic GC: Disabled
Heap:
 garbage-first heap   total 486400K, used 337107K [0x0000000080000000, 0x0000000100000000)
  region size 1024K, 46 young (47104K), 12 survivors (12288K)
 Metaspace       used 123234K, committed 124096K, reserved 1163264K
  class space    used 16973K, committed 17408K, reserved 1048576K
GC Heap History (20 events):
Event: 33.210 GC heap before
{Heap before GC invocations=48 (full 0):
 garbage-first heap   total 221184K, used 181345K [0x0000000080000000, 0x0000000100000000)
  region size 1024K, 68 young (69632K), 4 survivors (4096K)
 Metaspace       used 102242K, committed 103040K, reserved 1138688K
  class space    used 14026K, committed 14400K, reserved 1048576K
}
Event: 33.216 GC heap after
{Heap after GC invocations=49 (full 0):
 garbage-first heap   total 221184K, used 119580K [0x0000000080000000, 0x0000000100000000)
  region size 1024K, 7 young (7168K), 7 survivors (7168K)
 Metaspace       used 102242K, committed 103040K, reserved 1138688K
  class space    used 14026K, committed 14400K, reserved 1048576K
}
Event: 34.331 GC heap before
{Heap before GC invocations=49 (full 0):
 garbage-first heap   total 221184K, used 182044K [0x0000000080000000, 0x0000000100000000)
  region size 1024K, 68 young (69632K), 7 survivors (7168K)
 Metaspace       used 111849K, committed 112640K, reserved 1146880K
  class space    used 15333K, committed 15680K, reserved 1048576K
}
Event: 34.339 GC heap after
{Heap after GC invocations=50 (full 0):
 garbage-first heap   total 221184K, used 122433K [0x0000000080000000, 0x0000000100000000)
  region size 1024K, 4 young (4096K), 4 survivors (4096K)
 Metaspace       used 111849K, committed 112640K, reserved 1146880K
  class space    used 15333K, committed 15680K, reserved 1048576K
}
Event: 36.096 GC heap before
{Heap before GC invocations=50 (full 0):
 garbage-first heap   total 221184K, used 182849K [0x0000000080000000, 0x0000000100000000)
  region size 1024K, 64 young (65536K), 4 survivors (4096K)
 Metaspace       used 120004K, committed 120960K, reserved 1155072K
  class space    used 16623K, committed 17088K, reserved 1048576K
}
Event: 36.103 GC heap after
{Heap after GC invocations=51 (full 0):
 garbage-first heap   total 221184K, used 125338K [0x0000000080000000, 0x0000000100000000)
  region size 1024K, 7 young (7168K), 7 survivors (7168K)
 Metaspace       used 120004K, committed 120960K, reserved 1155072K
  class space    used 16623K, committed 17088K, reserved 1048576K
}
Event: 36.251 GC heap before
{Heap before GC invocations=51 (full 0):
 garbage-first heap   total 221184K, used 159130K [0x0000000080000000, 0x0000000100000000)
  region size 1024K, 22 young (22528K), 7 survivors (7168K)
 Metaspace       used 120417K, committed 121280K, reserved 1155072K
  class space    used 16679K, committed 17088K, reserved 1048576K
}
Event: 36.258 GC heap after
{Heap after GC invocations=52 (full 0):
 garbage-first heap   total 221184K, used 146316K [0x0000000080000000, 0x0000000100000000)
  region size 1024K, 5 young (5120K), 5 survivors (5120K)
 Metaspace       used 120417K, committed 121280K, reserved 1155072K
  class space    used 16679K, committed 17088K, reserved 1048576K
}
Event: 36.291 GC heap before
{Heap before GC invocations=52 (full 0):
 garbage-first heap   total 221184K, used 213900K [0x0000000080000000, 0x0000000100000000)
  region size 1024K, 6 young (6144K), 5 survivors (5120K)
 Metaspace       used 120418K, committed 121280K, reserved 1155072K
  class space    used 16679K, committed 17088K, reserved 1048576K
}
Event: 36.297 GC heap after
{Heap after GC invocations=53 (full 0):
 garbage-first heap   total 221184K, used 185584K [0x0000000080000000, 0x0000000100000000)
  region size 1024K, 1 young (1024K), 1 survivors (1024K)
 Metaspace       used 120418K, committed 121280K, reserved 1155072K
  class space    used 16679K, committed 17088K, reserved 1048576K
}
Event: 36.335 GC heap before
{Heap before GC invocations=53 (full 0):
 garbage-first heap   total 266240K, used 263408K [0x0000000080000000, 0x0000000100000000)
  region size 1024K, 2 young (2048K), 1 survivors (1024K)
 Metaspace       used 120418K, committed 121280K, reserved 1155072K
  class space    used 16679K, committed 17088K, reserved 1048576K
}
Event: 36.337 GC heap after
{Heap after GC invocations=54 (full 0):
 garbage-first heap   total 266240K, used 183069K [0x0000000080000000, 0x0000000100000000)
  region size 1024K, 1 young (1024K), 1 survivors (1024K)
 Metaspace       used 120418K, committed 121280K, reserved 1155072K
  class space    used 16679K, committed 17088K, reserved 1048576K
}
Event: 118.339 GC heap before
{Heap before GC invocations=55 (full 0):
 garbage-first heap   total 311296K, used 220957K [0x0000000080000000, 0x0000000100000000)
  region size 1024K, 38 young (38912K), 1 survivors (1024K)
 Metaspace       used 121388K, committed 122240K, reserved 1155072K
  class space    used 16822K, committed 17216K, reserved 1048576K
}
Event: 118.345 GC heap after
{Heap after GC invocations=56 (full 0):
 garbage-first heap   total 311296K, used 128072K [0x0000000080000000, 0x0000000100000000)
  region size 1024K, 3 young (3072K), 3 survivors (3072K)
 Metaspace       used 121388K, committed 122240K, reserved 1155072K
  class space    used 16822K, committed 17216K, reserved 1048576K
}
Event: 118.468 GC heap before
{Heap before GC invocations=56 (full 0):
 garbage-first heap   total 311296K, used 140360K [0x0000000080000000, 0x0000000100000000)
  region size 1024K, 15 young (15360K), 3 survivors (3072K)
 Metaspace       used 121473K, committed 122368K, reserved 1155072K
  class space    used 16830K, committed 17280K, reserved 1048576K
}
Event: 118.476 GC heap after
{Heap after GC invocations=57 (full 0):
 garbage-first heap   total 311296K, used 126914K [0x0000000080000000, 0x0000000100000000)
  region size 1024K, 1 young (1024K), 1 survivors (1024K)
 Metaspace       used 121473K, committed 122368K, reserved 1155072K
  class space    used 16830K, committed 17280K, reserved 1048576K
}
Event: 124.599 GC heap before
{Heap before GC invocations=57 (full 0):
 garbage-first heap   total 311296K, used 245698K [0x0000000080000000, 0x0000000100000000)
  region size 1024K, 118 young (120832K), 1 survivors (1024K)
 Metaspace       used 122840K, committed 123712K, reserved 1163264K
  class space    used 16938K, committed 17344K, reserved 1048576K
}
Event: 124.610 GC heap after
{Heap after GC invocations=58 (full 0):
 garbage-first heap   total 486400K, used 137944K [0x0000000080000000, 0x0000000100000000)
  region size 1024K, 12 young (12288K), 12 survivors (12288K)
 Metaspace       used 122840K, committed 123712K, reserved 1163264K
  class space    used 16938K, committed 17344K, reserved 1048576K
}
Event: 124.949 GC heap before
{Heap before GC invocations=58 (full 0):
 garbage-first heap   total 486400K, used 160472K [0x0000000080000000, 0x0000000100000000)
  region size 1024K, 36 young (36864K), 12 survivors (12288K)
 Metaspace       used 122985K, committed 123840K, reserved 1163264K
  class space    used 16940K, committed 17344K, reserved 1048576K
}
Event: 124.960 GC heap after
{Heap after GC invocations=59 (full 0):
 garbage-first heap   total 486400K, used 137427K [0x0000000080000000, 0x0000000100000000)
  region size 1024K, 12 young (12288K), 12 survivors (12288K)
 Metaspace       used 122985K, committed 123840K, reserved 1163264K
  class space    used 16940K, committed 17344K, reserved 1048576K
}

