# JRE version: OpenJDK Runtime Environment (17.0.6) (build 17.0.6+0-b2043.56-10027231)
# Java VM: OpenJDK 64-Bit Server VM (17.0.6+0-b2043.56-10027231, mixed mode, tiered, compressed oops, compressed class ptrs, g1 gc, windows-amd64)
GC Precious Log:
 CPUs: 16 total, 16 available
 Memory: 16010M
 Large Page Support: Disabled
 NUMA Support: Disabled
 Compressed Oops: Enabled (32-bit)
 Heap Region Size: 1M
 Heap Min Capacity: 8M
 Heap Initial Capacity: 252M
 Heap Max Capacity: 2G
 Pre-touch: Disabled
 Parallel Workers: 13
 Concurrent Workers: 3
 Concurrent Refinement Workers: 13
 Periodic GC: Disabled
Heap:
 garbage-first heap   total 128000K, used 65601K [0x0000000080000000, 0x0000000100000000)
  region size 1024K, 1 young (1024K), 1 survivors (1024K)
 Metaspace       used 81033K, committed 81536K, reserved 1122304K
  class space    used 10633K, committed 10880K, reserved 1048576K
GC Heap History (20 events):
Event: 6.001 GC heap after
{Heap after GC invocations=17 (full 0):
 garbage-first heap   total 78848K, used 43204K [0x0000000080000000, 0x0000000100000000)
  region size 1024K, 1 young (1024K), 1 survivors (1024K)
 Metaspace       used 60525K, committed 60992K, reserved 1105920K
  class space    used 8306K, committed 8512K, reserved 1048576K
}
Event: 6.137 GC heap before
{Heap before GC invocations=18 (full 0):
 garbage-first heap   total 78848K, used 56516K [0x0000000080000000, 0x0000000100000000)
  region size 1024K, 15 young (15360K), 1 survivors (1024K)
 Metaspace       used 63220K, committed 63680K, reserved 1105920K
  class space    used 8646K, committed 8832K, reserved 1048576K
}
Event: 6.140 GC heap after
{Heap after GC invocations=19 (full 0):
 garbage-first heap   total 78848K, used 43382K [0x0000000080000000, 0x0000000100000000)
  region size 1024K, 1 young (1024K), 1 survivors (1024K)
 Metaspace       used 63220K, committed 63680K, reserved 1105920K
  class space    used 8646K, committed 8832K, reserved 1048576K
}
Event: 6.240 GC heap before
{Heap before GC invocations=20 (full 0):
 garbage-first heap   total 86016K, used 67958K [0x0000000080000000, 0x0000000100000000)
  region size 1024K, 20 young (20480K), 1 survivors (1024K)
 Metaspace       used 63249K, committed 63808K, reserved 1105920K
  class space    used 8649K, committed 8896K, reserved 1048576K
}
Event: 6.243 GC heap after
{Heap after GC invocations=21 (full 0):
 garbage-first heap   total 104448K, used 55118K [0x0000000080000000, 0x0000000100000000)
  region size 1024K, 3 young (3072K), 3 survivors (3072K)
 Metaspace       used 63249K, committed 63808K, reserved 1105920K
  class space    used 8649K, committed 8896K, reserved 1048576K
}
Event: 6.502 GC heap before
{Heap before GC invocations=21 (full 0):
 garbage-first heap   total 104448K, used 77646K [0x0000000080000000, 0x0000000100000000)
  region size 1024K, 26 young (26624K), 3 survivors (3072K)
 Metaspace       used 64077K, committed 64576K, reserved 1105920K
  class space    used 8733K, committed 8960K, reserved 1048576K
}
Event: 6.507 GC heap after
{Heap after GC invocations=22 (full 0):
 garbage-first heap   total 104448K, used 53157K [0x0000000080000000, 0x0000000100000000)
  region size 1024K, 4 young (4096K), 4 survivors (4096K)
 Metaspace       used 64077K, committed 64576K, reserved 1105920K
  class space    used 8733K, committed 8960K, reserved 1048576K
}
Event: 6.738 GC heap before
{Heap before GC invocations=23 (full 0):
 garbage-first heap   total 104448K, used 76709K [0x0000000080000000, 0x0000000100000000)
  region size 1024K, 28 young (28672K), 4 survivors (4096K)
 Metaspace       used 67632K, committed 68096K, reserved 1114112K
  class space    used 9143K, committed 9344K, reserved 1048576K
}
Event: 6.743 GC heap after
{Heap after GC invocations=24 (full 0):
 garbage-first heap   total 104448K, used 55469K [0x0000000080000000, 0x0000000100000000)
  region size 1024K, 3 young (3072K), 3 survivors (3072K)
 Metaspace       used 67632K, committed 68096K, reserved 1114112K
  class space    used 9143K, committed 9344K, reserved 1048576K
}
Event: 6.758 GC heap before
{Heap before GC invocations=24 (full 0):
 garbage-first heap   total 104448K, used 55469K [0x0000000080000000, 0x0000000100000000)
  region size 1024K, 4 young (4096K), 3 survivors (3072K)
 Metaspace       used 67747K, committed 68288K, reserved 1114112K
  class space    used 9159K, committed 9408K, reserved 1048576K
}
Event: 6.760 GC heap after
{Heap after GC invocations=25 (full 0):
 garbage-first heap   total 104448K, used 55322K [0x0000000080000000, 0x0000000100000000)
  region size 1024K, 2 young (2048K), 2 survivors (2048K)
 Metaspace       used 67747K, committed 68288K, reserved 1114112K
  class space    used 9159K, committed 9408K, reserved 1048576K
}
Event: 7.026 GC heap before
{Heap before GC invocations=26 (full 0):
 garbage-first heap   total 106496K, used 85018K [0x0000000080000000, 0x0000000100000000)
  region size 1024K, 27 young (27648K), 2 survivors (2048K)
 Metaspace       used 70702K, committed 71232K, reserved 1114112K
  class space    used 9480K, committed 9728K, reserved 1048576K
}
Event: 7.028 GC heap after
{Heap after GC invocations=27 (full 0):
 garbage-first heap   total 128000K, used 62870K [0x0000000080000000, 0x0000000100000000)
  region size 1024K, 4 young (4096K), 4 survivors (4096K)
 Metaspace       used 70702K, committed 71232K, reserved 1114112K
  class space    used 9480K, committed 9728K, reserved 1048576K
}
Event: 7.043 GC heap before
{Heap before GC invocations=27 (full 0):
 garbage-first heap   total 128000K, used 63894K [0x0000000080000000, 0x0000000100000000)
  region size 1024K, 6 young (6144K), 4 survivors (4096K)
 Metaspace       used 71059K, committed 71552K, reserved 1114112K
  class space    used 9512K, committed 9728K, reserved 1048576K
}
Event: 7.045 GC heap after
{Heap after GC invocations=28 (full 0):
 garbage-first heap   total 128000K, used 62572K [0x0000000080000000, 0x0000000100000000)
  region size 1024K, 1 young (1024K), 1 survivors (1024K)
 Metaspace       used 71059K, committed 71552K, reserved 1114112K
  class space    used 9512K, committed 9728K, reserved 1048576K
}
Event: 7.401 GC heap before
{Heap before GC invocations=28 (full 0):
 garbage-first heap   total 128000K, used 95340K [0x0000000080000000, 0x0000000100000000)
  region size 1024K, 33 young (33792K), 1 survivors (1024K)
 Metaspace       used 75932K, committed 76416K, reserved 1122304K
  class space    used 9978K, committed 10176K, reserved 1048576K
}
Event: 7.403 GC heap after
{Heap after GC invocations=29 (full 0):
 garbage-first heap   total 128000K, used 64126K [0x0000000080000000, 0x0000000100000000)
  region size 1024K, 2 young (2048K), 2 survivors (2048K)
 Metaspace       used 75932K, committed 76416K, reserved 1122304K
  class space    used 9978K, committed 10176K, reserved 1048576K
}
Event: 7.797 GC heap before
{Heap before GC invocations=30 (full 0):
 garbage-first heap   total 128000K, used 97918K [0x0000000080000000, 0x0000000100000000)
  region size 1024K, 35 young (35840K), 2 survivors (2048K)
 Metaspace       used 80808K, committed 81280K, reserved 1122304K
  class space    used 10610K, committed 10816K, reserved 1048576K
}
Event: 7.801 GC heap after
{Heap after GC invocations=31 (full 0):
 garbage-first heap   total 128000K, used 66122K [0x0000000080000000, 0x0000000100000000)
  region size 1024K, 4 young (4096K), 4 survivors (4096K)
 Metaspace       used 80808K, committed 81280K, reserved 1122304K
  class space    used 10610K, committed 10816K, reserved 1048576K
}
Event: 7.835 GC heap before
{Heap before GC invocations=31 (full 0):
 garbage-first heap   total 128000K, used 68170K [0x0000000080000000, 0x0000000100000000)
  region size 1024K, 6 young (6144K), 4 survivors (4096K)
 Metaspace       used 81033K, committed 81536K, reserved 1122304K
  class space    used 10633K, committed 10880K, reserved 1048576K
}

